<?xml version="1.0" encoding="UTF-8"?>
<!-- Generated by org.testng.reporters.JUnitReportReporter -->
<testsuite hostname="surender3145693" name="testCases.SS_Footer_StoreAndSiteRelated_Verify_All_Links_Are_Clickable" tests="1" failures="0" timestamp="17 Jan 2017 10:04:27 GMT" time="53.623" errors="1">
  <testcase name="main" time="53.623" classname="testCases.SS_Footer_StoreAndSiteRelated_Verify_All_Links_Are_Clickable">
    <error type="java.lang.Exception" message="Expected Page Header -&#039; Shoppers Stop | Home&#039; does not match with Actual Page Header -&#039;&#039;
">
      <![CDATA[java.lang.Exception: Expected Page Header -' Shoppers Stop | Home' does not match with Actual Page Header -''

	at appModules.HomePage_Action.FooterLinkVerification_StoreandSite_Public(HomePage_Action.java:727)
	at testCases.SS_Footer_StoreAndSiteRelated_Verify_All_Links_Are_Clickable.main(SS_Footer_StoreAndSiteRelated_Verify_All_Links_Are_Clickable.java:65)
	at sun.reflect.NativeMethodAccessorImpl.invoke0(Native Method)
	at sun.reflect.NativeMethodAccessorImpl.invoke(Unknown Source)
	at sun.reflect.DelegatingMethodAccessorImpl.invoke(Unknown Source)
	at java.lang.reflect.Method.invoke(Unknown Source)
	at org.testng.internal.MethodInvocationHelper.invokeMethod(MethodInvocationHelper.java:85)
	at org.testng.internal.Invoker.invokeMethod(Invoker.java:639)
	at org.testng.internal.Invoker.invokeTestMethod(Invoker.java:816)
	at org.testng.internal.Invoker.invokeTestMethods(Invoker.java:1124)
	at org.testng.internal.TestMethodWorker.invokeTestMethods(TestMethodWorker.java:125)
	at org.testng.internal.TestMethodWorker.run(TestMethodWorker.java:108)
	at org.testng.TestRunner.privateRun(TestRunner.java:774)
	at org.testng.TestRunner.run(TestRunner.java:624)
	at org.testng.SuiteRunner.runTest(SuiteRunner.java:359)
	at org.testng.SuiteRunner.runSequentially(SuiteRunner.java:354)
	at org.testng.SuiteRunner.privateRun(SuiteRunner.java:312)
	at org.testng.SuiteRunner.run(SuiteRunner.java:261)
	at org.testng.SuiteRunnerWorker.runSuite(SuiteRunnerWorker.java:52)
	at org.testng.SuiteRunnerWorker.run(SuiteRunnerWorker.java:86)
	at org.testng.TestNG.runSuitesSequentially(TestNG.java:1215)
	at org.testng.TestNG.runSuitesLocally(TestNG.java:1140)
	at org.testng.TestNG.run(TestNG.java:1048)
	at org.testng.remote.AbstractRemoteTestNG.run(AbstractRemoteTestNG.java:132)
	at org.testng.remote.RemoteTestNG.initAndRun(RemoteTestNG.java:236)
	at org.testng.remote.RemoteTestNG.main(RemoteTestNG.java:81)
]]>
    </error>
  </testcase> <!-- main -->
</testsuite> <!-- testCases.SS_Footer_StoreAndSiteRelated_Verify_All_Links_Are_Clickable -->
